[2019-09-05 05:58:09.786] [exthost] [info] extension host started
[2019-09-05 05:58:09.801] [exthost] [info] ExtensionService#_doActivateExtension vscode.debug-auto-launch {"startup":true,"activationEvent":"*"}
[2019-09-05 05:58:09.801] [exthost] [info] ExtensionService#loadCommonJSModule /usr/share/code/resources/app/extensions/debug-auto-launch/dist/extension
[2019-09-05 05:58:09.804] [exthost] [info] ExtensionService#_doActivateExtension vscode.emmet {"startup":true,"activationEvent":"*"}
[2019-09-05 05:58:09.804] [exthost] [info] ExtensionService#loadCommonJSModule /usr/share/code/resources/app/extensions/emmet/dist/extension
[2019-09-05 05:58:09.856] [exthost] [info] ExtensionService#_doActivateExtension vscode.git {"startup":true,"activationEvent":"*"}
[2019-09-05 05:58:09.856] [exthost] [info] ExtensionService#loadCommonJSModule /usr/share/code/resources/app/extensions/git/dist/main
[2019-09-05 05:58:09.967] [exthost] [info] ExtensionService#_doActivateExtension vscode.merge-conflict {"startup":true,"activationEvent":"*"}
[2019-09-05 05:58:09.967] [exthost] [info] ExtensionService#loadCommonJSModule /usr/share/code/resources/app/extensions/merge-conflict/dist/extension
[2019-09-05 05:58:09.972] [exthost] [info] ExtensionService#_doActivateExtension ritwickdey.LiveServer {"startup":true,"activationEvent":"*"}
[2019-09-05 05:58:09.972] [exthost] [info] ExtensionService#loadCommonJSModule /home/linus/.vscode/extensions/ritwickdey.liveserver-5.6.1/out/src/extension
[2019-09-05 05:58:10.227] [exthost] [info] ExtensionService#_doActivateExtension Zignd.html-css-class-completion {"startup":true,"activationEvent":"*"}
[2019-09-05 05:58:10.227] [exthost] [info] ExtensionService#loadCommonJSModule /home/linus/.vscode/extensions/zignd.html-css-class-completion-1.19.0/out/src/extension
[2019-09-05 05:58:10.572] [exthost] [info] eager extensions activated
[2019-09-05 05:58:40.968] [exthost] [info] extension host started
[2019-09-05 05:58:40.977] [exthost] [info] ExtensionService#_doActivateExtension vscode.debug-auto-launch {"startup":true,"activationEvent":"*"}
[2019-09-05 05:58:40.977] [exthost] [info] ExtensionService#loadCommonJSModule /usr/share/code/resources/app/extensions/debug-auto-launch/dist/extension
[2019-09-05 05:58:40.980] [exthost] [info] ExtensionService#_doActivateExtension vscode.emmet {"startup":true,"activationEvent":"*"}
[2019-09-05 05:58:40.980] [exthost] [info] ExtensionService#loadCommonJSModule /usr/share/code/resources/app/extensions/emmet/dist/extension
[2019-09-05 05:58:41.021] [exthost] [info] ExtensionService#_doActivateExtension vscode.git {"startup":true,"activationEvent":"*"}
[2019-09-05 05:58:41.022] [exthost] [info] ExtensionService#loadCommonJSModule /usr/share/code/resources/app/extensions/git/dist/main
[2019-09-05 05:58:41.105] [exthost] [info] ExtensionService#_doActivateExtension vscode.merge-conflict {"startup":true,"activationEvent":"*"}
[2019-09-05 05:58:41.105] [exthost] [info] ExtensionService#loadCommonJSModule /usr/share/code/resources/app/extensions/merge-conflict/dist/extension
[2019-09-05 05:58:41.111] [exthost] [info] ExtensionService#_doActivateExtension ritwickdey.LiveServer {"startup":true,"activationEvent":"*"}
[2019-09-05 05:58:41.111] [exthost] [info] ExtensionService#loadCommonJSModule /home/linus/.vscode/extensions/ritwickdey.liveserver-5.6.1/out/src/extension
[2019-09-05 05:58:41.348] [exthost] [info] ExtensionService#_doActivateExtension Zignd.html-css-class-completion {"startup":true,"activationEvent":"*"}
[2019-09-05 05:58:41.348] [exthost] [info] ExtensionService#loadCommonJSModule /home/linus/.vscode/extensions/zignd.html-css-class-completion-1.19.0/out/src/extension
[2019-09-05 05:58:41.623] [exthost] [info] ExtensionService#_doActivateExtension vscode.npm {"startup":true,"activationEvent":"workspaceContains:package.json"}
[2019-09-05 05:58:41.623] [exthost] [info] ExtensionService#loadCommonJSModule /usr/share/code/resources/app/extensions/npm/dist/main
[2019-09-05 05:58:41.663] [exthost] [info] eager extensions activated
[2019-09-05 05:58:52.206] [exthost] [info] ExtensionService#_doActivateExtension vscode.configuration-editing {"startup":false,"activationEvent":"onLanguage:jsonc"}
[2019-09-05 05:58:52.206] [exthost] [info] ExtensionService#loadCommonJSModule /usr/share/code/resources/app/extensions/configuration-editing/dist/extension
[2019-09-05 05:58:52.212] [exthost] [info] ExtensionService#_doActivateExtension vscode.json-language-features {"startup":false,"activationEvent":"onLanguage:jsonc"}
[2019-09-05 05:58:52.212] [exthost] [info] ExtensionService#loadCommonJSModule /usr/share/code/resources/app/extensions/json-language-features/client/dist/jsonMain
[2019-09-05 05:58:52.278] [exthost] [info] ExtensionService#_doActivateExtension vscode.typescript-language-features {"startup":false,"activationEvent":"onLanguage:jsonc"}
[2019-09-05 05:58:52.278] [exthost] [info] ExtensionService#loadCommonJSModule /usr/share/code/resources/app/extensions/typescript-language-features/dist/extension
[2019-09-05 05:59:06.879] [exthost] [info] ExtensionService#_doActivateExtension vscode.extension-editing {"startup":false,"activationEvent":"onLanguage:json"}
[2019-09-05 05:59:06.879] [exthost] [info] ExtensionService#loadCommonJSModule /usr/share/code/resources/app/extensions/extension-editing/dist/extension
[2019-09-05 06:01:59.190] [exthost] [error] [vscode.typescript-language-features] provider FAILED
[2019-09-05 06:01:59.199] [exthost] [error] Error: DisposableStore is missing...
    at R._convertCompletionItem (/usr/share/code/resources/app/out/vs/workbench/services/extensions/node/extensionHostProcess.js:563:173)
    at define.resolveCompletionItem.o.asPromise.then.e (/usr/share/code/resources/app/out/vs/workbench/services/extensions/node/extensionHostProcess.js:562:707)
[2019-09-05 06:03:25.176] [exthost] [info] ExtensionService#_doActivateExtension vscode.html-language-features {"startup":false,"activationEvent":"onLanguage:html"}
[2019-09-05 06:03:25.176] [exthost] [info] ExtensionService#loadCommonJSModule /usr/share/code/resources/app/extensions/html-language-features/client/dist/htmlMain
[2019-09-05 06:05:41.616] [exthost] [info] ExtensionService#_doActivateExtension vscode.python {"startup":false,"activationEvent":"onLanguage:python"}
[2019-09-05 06:05:41.617] [exthost] [info] ExtensionService#loadCommonJSModule /usr/share/code/resources/app/extensions/python/dist/pythonMain
[2019-09-05 06:05:41.623] [exthost] [info] ExtensionService#_doActivateExtension ms-python.python {"startup":false,"activationEvent":"onLanguage:python"}
[2019-09-05 06:05:41.625] [exthost] [info] ExtensionService#loadCommonJSModule /home/linus/.vscode/extensions/ms-python.python-2019.9.34474/out/client/extension
