Looking for git in: git
Using git 2.17.1 from git
> git rev-parse --show-toplevel
> git rev-parse --git-dir
> git config --get commit.template
Open repository: /home/linus/Documents/django-series
> git status -z -u
> git check-ignore -v -z --stdin
> git symbolic-ref --short HEAD
> git rev-parse master
> git rev-parse --symbolic-full-name master@{u}
> git rev-list --left-right master...refs/remotes/origin/master
> git for-each-ref --format %(refname) %(objectname) --sort -committerdate
> git remote --verbose
> git show :leads_project/package.json
> git ls-files --stage -- leads_project/
> git show :leads_project/package-lock.json
> git ls-files --stage -- leads_project/
> git show :leads_project/package.json
> git ls-files --stage -- leads_project/
> git check-ignore -v -z --stdin
> git check-ignore -v -z --stdin
> git check-ignore -v -z --stdin
> git show :leads_project/leadmanager/frontend/src/index.js
> git ls-files --stage -- leads_project/leadmanager/frontend/src/
> git check-ignore -v -z --stdin
> git show :leads_project/leadmanager/frontend/src/components/App.js
> git ls-files --stage -- leads_project/leadmanager/frontend/src/components/
> git check-ignore -v -z --stdin
> git check-ignore -v -z --stdin
> git show :leads_project/leadmanager/frontend/templates/frontend/index.html
> git ls-files --stage -- leads_project/leadmanager/frontend/templates/frontend/
> git check-ignore -v -z --stdin
> git check-ignore -v -z --stdin
> git show :leads_project/leadmanager/leadmanager/settings.py
> git ls-files --stage -- leads_project/leadmanager/leadmanager/
> git show :leads_project/leadmanager/frontend/templates/frontend/index.html
> git ls-files --stage -- leads_project/leadmanager/frontend/templates/frontend/
> git check-ignore -v -z --stdin
> git show :leads_project/leadmanager/frontend/views.py
> git ls-files --stage -- leads_project/leadmanager/frontend/
> git check-ignore -v -z --stdin
> git show :leads_project/leadmanager/frontend/urls.py
> git ls-files --stage -- leads_project/leadmanager/frontend/
> git check-ignore -v -z --stdin
> git show :leads_project/leadmanager/leadmanager/urls.py
> git ls-files --stage -- leads_project/leadmanager/leadmanager/
> git check-ignore -v -z --stdin
> git show :leads_project/leadmanager/frontend/static/frontend/main.js
> git ls-files --stage -- leads_project/leadmanager/frontend/static/frontend/
> git show :leads_project/leadmanager/leadmanager/urls.py
> git ls-files --stage -- leads_project/leadmanager/leadmanager/
> git show :leads_project/Pipfile
> git ls-files --stage -- leads_project/
> git show :leads_project/package.json
> git ls-files --stage -- leads_project/
