User belongs to experiment group 'AlwaysDisplayTestExplorer - control'
User belongs to experiment group 'ShowPlayIcon - runFile'
> conda --version
> pyenv root
> python3.7 -c "import sys;print(sys.executable)"
> python3.6 -c "import sys;print(sys.executable)"
> python3 -c "import sys;print(sys.executable)"
> python2 -c "import sys;print(sys.executable)"
> python -c "import sys;print(sys.executable)"
> python -c "import sys;print(sys.executable)"
> pipenv --version
cwd: ~/Documents/django-series/leads_project
> conda info --json
> pipenv --version
cwd: ~/Documents/django-series/leads_project
> /usr/bin/python ~/.vscode/extensions/ms-python.python-2019.9.34474/pythonFiles/interpreterInfo.py
> /usr/bin/python ~/.vscode/extensions/ms-python.python-2019.9.34474/pythonFiles/interpreterInfo.py
> /usr/bin/python2 ~/.vscode/extensions/ms-python.python-2019.9.34474/pythonFiles/interpreterInfo.py
> /usr/bin/python2 ~/.vscode/extensions/ms-python.python-2019.9.34474/pythonFiles/interpreterInfo.py
> /usr/bin/python2.7 ~/.vscode/extensions/ms-python.python-2019.9.34474/pythonFiles/interpreterInfo.py
> /usr/bin/python2.7 ~/.vscode/extensions/ms-python.python-2019.9.34474/pythonFiles/interpreterInfo.py
> /usr/bin/python3 ~/.vscode/extensions/ms-python.python-2019.9.34474/pythonFiles/interpreterInfo.py
> /usr/bin/python3 ~/.vscode/extensions/ms-python.python-2019.9.34474/pythonFiles/interpreterInfo.py
> /usr/bin/python3.6 ~/.vscode/extensions/ms-python.python-2019.9.34474/pythonFiles/interpreterInfo.py
> /usr/bin/python3.6 ~/.vscode/extensions/ms-python.python-2019.9.34474/pythonFiles/interpreterInfo.py
> /usr/bin/python3.7 ~/.vscode/extensions/ms-python.python-2019.9.34474/pythonFiles/interpreterInfo.py
> /usr/bin/python3.7 ~/.vscode/extensions/ms-python.python-2019.9.34474/pythonFiles/interpreterInfo.py
> /usr/bin/python ~/.vscode/extensions/ms-python.python-2019.9.34474/pythonFiles/interpreterInfo.py
> /usr/bin/python ~/.vscode/extensions/ms-python.python-2019.9.34474/pythonFiles/interpreterInfo.py
> /usr/bin/python2 ~/.vscode/extensions/ms-python.python-2019.9.34474/pythonFiles/interpreterInfo.py
> /usr/bin/python2 ~/.vscode/extensions/ms-python.python-2019.9.34474/pythonFiles/interpreterInfo.py
> /usr/bin/python2.7 ~/.vscode/extensions/ms-python.python-2019.9.34474/pythonFiles/interpreterInfo.py
> /usr/bin/python2.7 ~/.vscode/extensions/ms-python.python-2019.9.34474/pythonFiles/interpreterInfo.py
> /usr/bin/python3 ~/.vscode/extensions/ms-python.python-2019.9.34474/pythonFiles/interpreterInfo.py
> /usr/bin/python3 ~/.vscode/extensions/ms-python.python-2019.9.34474/pythonFiles/interpreterInfo.py
> /usr/bin/python3.6 ~/.vscode/extensions/ms-python.python-2019.9.34474/pythonFiles/interpreterInfo.py
> /usr/bin/python3.6 ~/.vscode/extensions/ms-python.python-2019.9.34474/pythonFiles/interpreterInfo.py
> /usr/bin/python3.7 ~/.vscode/extensions/ms-python.python-2019.9.34474/pythonFiles/interpreterInfo.py
> /usr/bin/python3.7 ~/.vscode/extensions/ms-python.python-2019.9.34474/pythonFiles/interpreterInfo.py
> /usr/bin/python3.7 ~/.vscode/extensions/ms-python.python-2019.9.34474/pythonFiles/interpreterInfo.py
> /usr/bin/python3.7 ~/.vscode/extensions/ms-python.python-2019.9.34474/pythonFiles/interpreterInfo.py
> /usr/bin/python3.6 ~/.vscode/extensions/ms-python.python-2019.9.34474/pythonFiles/interpreterInfo.py
> /usr/bin/python3.6 ~/.vscode/extensions/ms-python.python-2019.9.34474/pythonFiles/interpreterInfo.py
> /usr/bin/python3 ~/.vscode/extensions/ms-python.python-2019.9.34474/pythonFiles/interpreterInfo.py
> /usr/bin/python3 ~/.vscode/extensions/ms-python.python-2019.9.34474/pythonFiles/interpreterInfo.py
> /usr/bin/python2 ~/.vscode/extensions/ms-python.python-2019.9.34474/pythonFiles/interpreterInfo.py
> /usr/bin/python2 ~/.vscode/extensions/ms-python.python-2019.9.34474/pythonFiles/interpreterInfo.py
> /usr/bin/python ~/.vscode/extensions/ms-python.python-2019.9.34474/pythonFiles/interpreterInfo.py
> /usr/bin/python ~/.vscode/extensions/ms-python.python-2019.9.34474/pythonFiles/interpreterInfo.py
> /usr/bin/python ~/.vscode/extensions/ms-python.python-2019.9.34474/pythonFiles/interpreterInfo.py
> /usr/bin/python ~/.vscode/extensions/ms-python.python-2019.9.34474/pythonFiles/interpreterInfo.py
> pipenv --venv
cwd: ~/Documents/django-series/leads_project
> python -m pylint --disable=all --enable=F,unreachable,duplicate-key,unnecessary-semicolon,global-variable-not-assigned,unused-variable,unused-wildcard-import,binary-op-exception,bad-format-string,anomalous-backslash-in-string,bad-open-mode,E0001,E0011,E0012,E0100,E0101,E0102,E0103,E0104,E0105,E0107,E0108,E0110,E0111,E0112,E0113,E0114,E0115,E0116,E0117,E0118,E0202,E0203,E0211,E0213,E0236,E0237,E0238,E0239,E0240,E0241,E0301,E0302,E0303,E0401,E0402,E0601,E0602,E0603,E0604,E0611,E0632,E0633,E0701,E0702,E0703,E0704,E0710,E0711,E0712,E1003,E1101,E1102,E1111,E1120,E1121,E1123,E1124,E1125,E1126,E1127,E1128,E1129,E1130,E1131,E1132,E1133,E1134,E1135,E1136,E1137,E1138,E1139,E1200,E1201,E1205,E1206,E1300,E1301,E1302,E1303,E1304,E1305,E1306,E1310,E1700,E1701 --msg-template='{line},{column},{category},{symbol}:{msg}' --reports=n --output-format=text ~/Documents/django-series/leads_project/leadmanager/leadmanager/settings.py
cwd: ~/Documents/django-series/leads_project
> python -m pylint --disable=all --enable=F,unreachable,duplicate-key,unnecessary-semicolon,global-variable-not-assigned,unused-variable,unused-wildcard-import,binary-op-exception,bad-format-string,anomalous-backslash-in-string,bad-open-mode,E0001,E0011,E0012,E0100,E0101,E0102,E0103,E0104,E0105,E0107,E0108,E0110,E0111,E0112,E0113,E0114,E0115,E0116,E0117,E0118,E0202,E0203,E0211,E0213,E0236,E0237,E0238,E0239,E0240,E0241,E0301,E0302,E0303,E0401,E0402,E0601,E0602,E0603,E0604,E0611,E0632,E0633,E0701,E0702,E0703,E0704,E0710,E0711,E0712,E1003,E1101,E1102,E1111,E1120,E1121,E1123,E1124,E1125,E1126,E1127,E1128,E1129,E1130,E1131,E1132,E1133,E1134,E1135,E1136,E1137,E1138,E1139,E1200,E1201,E1205,E1206,E1300,E1301,E1302,E1303,E1304,E1305,E1306,E1310,E1700,E1701 --msg-template='{line},{column},{category},{symbol}:{msg}' --reports=n --output-format=text ~/Documents/django-series/leads_project/leadmanager/leadmanager/settings.py
cwd: ~/Documents/django-series/leads_project
> pipenv --venv
cwd: ~/Documents/django-series/leads_project
> python -c "import pylint"
> python -c "import pylint"
> python -c "import pylint"
> python -c "import pylint"

Linter 'pylint' is not installed. Please install it or select another linter".
Error: Module 'pylint' not installed.
Starting Jedi Python language engine.
> pipenv --version
cwd: ~/Documents/django-series/leads_project
> pipenv --version
cwd: ~/Documents/django-series/leads_project
> /usr/bin/python3.7 -c "import sys;print(sys.prefix)"
cwd: ~/Documents/django-series/leads_project
> /usr/bin/python3.7 -c "import sys;print(sys.prefix)"
cwd: ~/Documents/django-series/leads_project
> /usr/bin/python3.7 -c "import sys;print(sys.executable)"
cwd: ~/Documents/django-series/leads_project
> /usr/bin/python3.7 -c "import sys;print(sys.executable)"
cwd: ~/Documents/django-series/leads_project
> /usr/bin/python3.7 -c "from distutils.sysconfig import get_python_lib; print(get_python_lib())"
cwd: ~/Documents/django-series/leads_project
> /usr/bin/python3.7 -c "from distutils.sysconfig import get_python_lib; print(get_python_lib())"
cwd: ~/Documents/django-series/leads_project
> /usr/bin/python3.7 -m site --user-site
cwd: ~/Documents/django-series/leads_project
> /usr/bin/python3.7 -m site --user-site
cwd: ~/Documents/django-series/leads_project
> /usr/bin/python3.7 completion.py
cwd: ~/.vscode/extensions/ms-python.python-2019.9.34474/pythonFiles
> /usr/bin/python3.7 completion.py
cwd: ~/.vscode/extensions/ms-python.python-2019.9.34474/pythonFiles
> pipenv --venv
cwd: ~/Documents/django-series/leads_project
> pipenv --venv
cwd: ~/Documents/django-series/leads_project
> conda info --json
> conda --version
> pipenv --version
cwd: ~/Documents/django-series/leads_project
> pipenv --version
cwd: ~/Documents/django-series/leads_project
> pipenv --venv
cwd: ~/Documents/django-series/leads_project
> pipenv --venv
cwd: ~/Documents/django-series/leads_project
> /usr/bin/python3.7 -m pylint --disable=all --enable=F,unreachable,duplicate-key,unnecessary-semicolon,global-variable-not-assigned,unused-variable,unused-wildcard-import,binary-op-exception,bad-format-string,anomalous-backslash-in-string,bad-open-mode,E0001,E0011,E0012,E0100,E0101,E0102,E0103,E0104,E0105,E0107,E0108,E0110,E0111,E0112,E0113,E0114,E0115,E0116,E0117,E0118,E0202,E0203,E0211,E0213,E0236,E0237,E0238,E0239,E0240,E0241,E0301,E0302,E0303,E0401,E0402,E0601,E0602,E0603,E0604,E0611,E0632,E0633,E0701,E0702,E0703,E0704,E0710,E0711,E0712,E1003,E1101,E1102,E1111,E1120,E1121,E1123,E1124,E1125,E1126,E1127,E1128,E1129,E1130,E1131,E1132,E1133,E1134,E1135,E1136,E1137,E1138,E1139,E1200,E1201,E1205,E1206,E1300,E1301,E1302,E1303,E1304,E1305,E1306,E1310,E1700,E1701 --msg-template='{line},{column},{category},{symbol}:{msg}' --reports=n --output-format=text ~/Documents/django-series/leads_project/leadmanager/leadmanager/settings.py
cwd: ~/Documents/django-series/leads_project
> /usr/bin/python3.7 -m pylint --disable=all --enable=F,unreachable,duplicate-key,unnecessary-semicolon,global-variable-not-assigned,unused-variable,unused-wildcard-import,binary-op-exception,bad-format-string,anomalous-backslash-in-string,bad-open-mode,E0001,E0011,E0012,E0100,E0101,E0102,E0103,E0104,E0105,E0107,E0108,E0110,E0111,E0112,E0113,E0114,E0115,E0116,E0117,E0118,E0202,E0203,E0211,E0213,E0236,E0237,E0238,E0239,E0240,E0241,E0301,E0302,E0303,E0401,E0402,E0601,E0602,E0603,E0604,E0611,E0632,E0633,E0701,E0702,E0703,E0704,E0710,E0711,E0712,E1003,E1101,E1102,E1111,E1120,E1121,E1123,E1124,E1125,E1126,E1127,E1128,E1129,E1130,E1131,E1132,E1133,E1134,E1135,E1136,E1137,E1138,E1139,E1200,E1201,E1205,E1206,E1300,E1301,E1302,E1303,E1304,E1305,E1306,E1310,E1700,E1701 --msg-template='{line},{column},{category},{symbol}:{msg}' --reports=n --output-format=text ~/Documents/django-series/leads_project/leadmanager/leadmanager/settings.py
cwd: ~/Documents/django-series/leads_project
##########Linting Output - pylint##########

--------------------------------------------------------------------
Your code has been rated at 10.00/10 (previous run: 10.00/10, +0.00)

> /usr/bin/python3.7 -m pylint --disable=all --enable=F,unreachable,duplicate-key,unnecessary-semicolon,global-variable-not-assigned,unused-variable,unused-wildcard-import,binary-op-exception,bad-format-string,anomalous-backslash-in-string,bad-open-mode,E0001,E0011,E0012,E0100,E0101,E0102,E0103,E0104,E0105,E0107,E0108,E0110,E0111,E0112,E0113,E0114,E0115,E0116,E0117,E0118,E0202,E0203,E0211,E0213,E0236,E0237,E0238,E0239,E0240,E0241,E0301,E0302,E0303,E0401,E0402,E0601,E0602,E0603,E0604,E0611,E0632,E0633,E0701,E0702,E0703,E0704,E0710,E0711,E0712,E1003,E1101,E1102,E1111,E1120,E1121,E1123,E1124,E1125,E1126,E1127,E1128,E1129,E1130,E1131,E1132,E1133,E1134,E1135,E1136,E1137,E1138,E1139,E1200,E1201,E1205,E1206,E1300,E1301,E1302,E1303,E1304,E1305,E1306,E1310,E1700,E1701 --msg-template='{line},{column},{category},{symbol}:{msg}' --reports=n --output-format=text ~/Documents/django-series/leads_project/leadmanager/leadmanager/settings.py
cwd: ~/Documents/django-series/leads_project
> /usr/bin/python3.7 -m pylint --disable=all --enable=F,unreachable,duplicate-key,unnecessary-semicolon,global-variable-not-assigned,unused-variable,unused-wildcard-import,binary-op-exception,bad-format-string,anomalous-backslash-in-string,bad-open-mode,E0001,E0011,E0012,E0100,E0101,E0102,E0103,E0104,E0105,E0107,E0108,E0110,E0111,E0112,E0113,E0114,E0115,E0116,E0117,E0118,E0202,E0203,E0211,E0213,E0236,E0237,E0238,E0239,E0240,E0241,E0301,E0302,E0303,E0401,E0402,E0601,E0602,E0603,E0604,E0611,E0632,E0633,E0701,E0702,E0703,E0704,E0710,E0711,E0712,E1003,E1101,E1102,E1111,E1120,E1121,E1123,E1124,E1125,E1126,E1127,E1128,E1129,E1130,E1131,E1132,E1133,E1134,E1135,E1136,E1137,E1138,E1139,E1200,E1201,E1205,E1206,E1300,E1301,E1302,E1303,E1304,E1305,E1306,E1310,E1700,E1701 --msg-template='{line},{column},{category},{symbol}:{msg}' --reports=n --output-format=text ~/Documents/django-series/leads_project/leadmanager/leadmanager/settings.py
cwd: ~/Documents/django-series/leads_project
##########Linting Output - pylint##########
> /usr/bin/python3.7 -m pylint --disable=all --enable=F,unreachable,duplicate-key,unnecessary-semicolon,global-variable-not-assigned,unused-variable,unused-wildcard-import,binary-op-exception,bad-format-string,anomalous-backslash-in-string,bad-open-mode,E0001,E0011,E0012,E0100,E0101,E0102,E0103,E0104,E0105,E0107,E0108,E0110,E0111,E0112,E0113,E0114,E0115,E0116,E0117,E0118,E0202,E0203,E0211,E0213,E0236,E0237,E0238,E0239,E0240,E0241,E0301,E0302,E0303,E0401,E0402,E0601,E0602,E0603,E0604,E0611,E0632,E0633,E0701,E0702,E0703,E0704,E0710,E0711,E0712,E1003,E1101,E1102,E1111,E1120,E1121,E1123,E1124,E1125,E1126,E1127,E1128,E1129,E1130,E1131,E1132,E1133,E1134,E1135,E1136,E1137,E1138,E1139,E1200,E1201,E1205,E1206,E1300,E1301,E1302,E1303,E1304,E1305,E1306,E1310,E1700,E1701 --msg-template='{line},{column},{category},{symbol}:{msg}' --reports=n --output-format=text ~/Documents/django-series/leads_project/leadmanager/leadmanager/settings.py
cwd: ~/Documents/django-series/leads_project
> /usr/bin/python3.7 -m pylint --disable=all --enable=F,unreachable,duplicate-key,unnecessary-semicolon,global-variable-not-assigned,unused-variable,unused-wildcard-import,binary-op-exception,bad-format-string,anomalous-backslash-in-string,bad-open-mode,E0001,E0011,E0012,E0100,E0101,E0102,E0103,E0104,E0105,E0107,E0108,E0110,E0111,E0112,E0113,E0114,E0115,E0116,E0117,E0118,E0202,E0203,E0211,E0213,E0236,E0237,E0238,E0239,E0240,E0241,E0301,E0302,E0303,E0401,E0402,E0601,E0602,E0603,E0604,E0611,E0632,E0633,E0701,E0702,E0703,E0704,E0710,E0711,E0712,E1003,E1101,E1102,E1111,E1120,E1121,E1123,E1124,E1125,E1126,E1127,E1128,E1129,E1130,E1131,E1132,E1133,E1134,E1135,E1136,E1137,E1138,E1139,E1200,E1201,E1205,E1206,E1300,E1301,E1302,E1303,E1304,E1305,E1306,E1310,E1700,E1701 --msg-template='{line},{column},{category},{symbol}:{msg}' --reports=n --output-format=text ~/Documents/django-series/leads_project/leadmanager/leadmanager/settings.py
cwd: ~/Documents/django-series/leads_project
> /usr/bin/python3.7 -m pylint --disable=all --enable=F,unreachable,duplicate-key,unnecessary-semicolon,global-variable-not-assigned,unused-variable,unused-wildcard-import,binary-op-exception,bad-format-string,anomalous-backslash-in-string,bad-open-mode,E0001,E0011,E0012,E0100,E0101,E0102,E0103,E0104,E0105,E0107,E0108,E0110,E0111,E0112,E0113,E0114,E0115,E0116,E0117,E0118,E0202,E0203,E0211,E0213,E0236,E0237,E0238,E0239,E0240,E0241,E0301,E0302,E0303,E0401,E0402,E0601,E0602,E0603,E0604,E0611,E0632,E0633,E0701,E0702,E0703,E0704,E0710,E0711,E0712,E1003,E1101,E1102,E1111,E1120,E1121,E1123,E1124,E1125,E1126,E1127,E1128,E1129,E1130,E1131,E1132,E1133,E1134,E1135,E1136,E1137,E1138,E1139,E1200,E1201,E1205,E1206,E1300,E1301,E1302,E1303,E1304,E1305,E1306,E1310,E1700,E1701 --msg-template='{line},{column},{category},{symbol}:{msg}' --reports=n --output-format=text ~/.vscode/extensions/ms-python.python-2019.9.34474/pythonFiles/lib/python/jedi/third_party/typeshed/stdlib/2and3/builtins.pyi
cwd: ~/.vscode/extensions/ms-python.python-2019.9.34474/pythonFiles/lib/python/jedi/third_party/typeshed/stdlib/2and3
> /usr/bin/python3.7 -m pylint --disable=all --enable=F,unreachable,duplicate-key,unnecessary-semicolon,global-variable-not-assigned,unused-variable,unused-wildcard-import,binary-op-exception,bad-format-string,anomalous-backslash-in-string,bad-open-mode,E0001,E0011,E0012,E0100,E0101,E0102,E0103,E0104,E0105,E0107,E0108,E0110,E0111,E0112,E0113,E0114,E0115,E0116,E0117,E0118,E0202,E0203,E0211,E0213,E0236,E0237,E0238,E0239,E0240,E0241,E0301,E0302,E0303,E0401,E0402,E0601,E0602,E0603,E0604,E0611,E0632,E0633,E0701,E0702,E0703,E0704,E0710,E0711,E0712,E1003,E1101,E1102,E1111,E1120,E1121,E1123,E1124,E1125,E1126,E1127,E1128,E1129,E1130,E1131,E1132,E1133,E1134,E1135,E1136,E1137,E1138,E1139,E1200,E1201,E1205,E1206,E1300,E1301,E1302,E1303,E1304,E1305,E1306,E1310,E1700,E1701 --msg-template='{line},{column},{category},{symbol}:{msg}' --reports=n --output-format=text ~/.vscode/extensions/ms-python.python-2019.9.34474/pythonFiles/lib/python/jedi/third_party/typeshed/stdlib/2and3/builtins.pyi
cwd: ~/.vscode/extensions/ms-python.python-2019.9.34474/pythonFiles/lib/python/jedi/third_party/typeshed/stdlib/2and3
##########Linting Output - pylint##########
> /usr/bin/python3.7 -m pylint --disable=all --enable=F,unreachable,duplicate-key,unnecessary-semicolon,global-variable-not-assigned,unused-variable,unused-wildcard-import,binary-op-exception,bad-format-string,anomalous-backslash-in-string,bad-open-mode,E0001,E0011,E0012,E0100,E0101,E0102,E0103,E0104,E0105,E0107,E0108,E0110,E0111,E0112,E0113,E0114,E0115,E0116,E0117,E0118,E0202,E0203,E0211,E0213,E0236,E0237,E0238,E0239,E0240,E0241,E0301,E0302,E0303,E0401,E0402,E0601,E0602,E0603,E0604,E0611,E0632,E0633,E0701,E0702,E0703,E0704,E0710,E0711,E0712,E1003,E1101,E1102,E1111,E1120,E1121,E1123,E1124,E1125,E1126,E1127,E1128,E1129,E1130,E1131,E1132,E1133,E1134,E1135,E1136,E1137,E1138,E1139,E1200,E1201,E1205,E1206,E1300,E1301,E1302,E1303,E1304,E1305,E1306,E1310,E1700,E1701 --msg-template='{line},{column},{category},{symbol}:{msg}' --reports=n --output-format=text ~/Documents/django-series/leads_project/leadmanager/leadmanager/settings.py
cwd: ~/Documents/django-series/leads_project
> /usr/bin/python3.7 -m pylint --disable=all --enable=F,unreachable,duplicate-key,unnecessary-semicolon,global-variable-not-assigned,unused-variable,unused-wildcard-import,binary-op-exception,bad-format-string,anomalous-backslash-in-string,bad-open-mode,E0001,E0011,E0012,E0100,E0101,E0102,E0103,E0104,E0105,E0107,E0108,E0110,E0111,E0112,E0113,E0114,E0115,E0116,E0117,E0118,E0202,E0203,E0211,E0213,E0236,E0237,E0238,E0239,E0240,E0241,E0301,E0302,E0303,E0401,E0402,E0601,E0602,E0603,E0604,E0611,E0632,E0633,E0701,E0702,E0703,E0704,E0710,E0711,E0712,E1003,E1101,E1102,E1111,E1120,E1121,E1123,E1124,E1125,E1126,E1127,E1128,E1129,E1130,E1131,E1132,E1133,E1134,E1135,E1136,E1137,E1138,E1139,E1200,E1201,E1205,E1206,E1300,E1301,E1302,E1303,E1304,E1305,E1306,E1310,E1700,E1701 --msg-template='{line},{column},{category},{symbol}:{msg}' --reports=n --output-format=text ~/Documents/django-series/leads_project/leadmanager/leadmanager/settings.py
cwd: ~/Documents/django-series/leads_project
##########Linting Output - pylint##########

--------------------------------------------------------------------
Your code has been rated at 10.00/10 (previous run: 10.00/10, +0.00)

##########Linting Output - pylint##########
************* Module builtins
4,0,error,no-name-in-module:No name 'Protocol' in module 'typing'
33,22,error,used-before-assignment:Using variable 'str' before assignment
47,35,error,used-before-assignment:Using variable 'bool' before assignment
51,26,error,used-before-assignment:Using variable 'int' before assignment
56,28,error,used-before-assignment:Using variable 'tuple' before assignment
82,14,error,undefined-variable:Undefined variable 'type'
100,4,error,function-redefined:method already defined line 98
104,4,error,function-redefined:method already defined line 102
121,8,error,function-redefined:method already defined line 119
123,8,error,function-redefined:method already defined line 119
134,4,error,function-redefined:method already defined line 132
159,37,error,used-before-assignment:Using variable 'float' before assignment
247,8,error,function-redefined:method already defined line 245
249,8,error,function-redefined:method already defined line 245
274,4,error,function-redefined:method already defined line 272
276,4,error,function-redefined:method already defined line 272
283,27,error,undefined-variable:Undefined variable 'complex'
319,39,error,undefined-variable:Undefined variable 'unicode'
323,8,error,function-redefined:method already defined line 321
325,8,error,function-redefined:method already defined line 321
374,8,error,function-redefined:method already defined line 372
374,33,error,used-before-assignment:Using variable 'slice' before assignment
405,8,error,function-redefined:method already defined line 403
518,8,error,function-redefined:method already defined line 515
549,4,error,inherit-non-class:Inheriting 'ByteString', which is not a class.
553,8,error,function-redefined:method already defined line 551
556,8,error,function-redefined:method already defined line 551
558,8,error,function-redefined:method already defined line 551
560,8,error,function-redefined:method already defined line 551
621,8,error,function-redefined:method already defined line 619
639,0,error,inherit-non-class:Inheriting 'ByteString', which is not a class.
644,8,error,function-redefined:method already defined line 642
646,8,error,function-redefined:method already defined line 642
648,8,error,function-redefined:method already defined line 642
741,4,error,function-redefined:method already defined line 739
745,4,error,function-redefined:method already defined line 743
774,0,error,inherit-non-class:Inheriting 'Sized', which is not a class.
796,4,error,function-redefined:method already defined line 794
805,4,error,function-redefined:method already defined line 803
807,4,error,function-redefined:method already defined line 803
820,4,error,function-redefined:method already defined line 818
824,4,error,function-redefined:method already defined line 822
828,4,error,function-redefined:method already defined line 826
832,4,error,function-redefined:method already defined line 830
836,4,error,function-redefined:method already defined line 834
840,4,error,function-redefined:method already defined line 838
850,4,error,function-redefined:method already defined line 848
861,4,error,function-redefined:method already defined line 859
880,4,error,function-redefined:method already defined line 878
904,4,error,function-redefined:method already defined line 902
908,4,error,function-redefined:method already defined line 906
933,4,error,function-redefined:method already defined line 931
935,4,error,function-redefined:method already defined line 931
948,4,error,function-redefined:method already defined line 946
950,4,error,function-redefined:method already defined line 946
967,4,error,function-redefined:method already defined line 964
1050,8,error,function-redefined:method already defined line 1048
1059,8,error,function-redefined:method already defined line 1057
1059,43,error,undefined-variable:Undefined variable 'range'
1063,4,error,inherit-non-class:Inheriting 'Sized', which is not a class.
1063,4,error,duplicate-bases:Duplicate bases for class 'xrange'
1067,8,error,function-redefined:method already defined line 1065
1141,4,error,function-redefined:function already defined line 1139
1175,0,error,function-redefined:function already defined line 1173
1186,4,error,function-redefined:function already defined line 1184
1189,4,error,function-redefined:function already defined line 1184
1194,4,error,function-redefined:function already defined line 1184
1200,4,error,function-redefined:function already defined line 1184
1207,4,error,function-redefined:function already defined line 1184
1286,4,error,function-redefined:function already defined line 1284
1288,4,error,function-redefined:function already defined line 1284
1298,4,error,function-redefined:function already defined line 1296
1300,4,error,function-redefined:function already defined line 1296
1309,0,error,function-redefined:function already defined line 1307
1336,0,error,function-redefined:function already defined line 1334
1338,0,error,function-redefined:function already defined line 1334
1340,0,error,function-redefined:function already defined line 1334
1343,4,error,function-redefined:function already defined line 1043
1348,4,error,function-redefined:function already defined line 1346
1353,0,error,function-redefined:function already defined line 1351
1359,4,error,function-redefined:function already defined line 1357
1361,4,error,function-redefined:function already defined line 1357
1363,4,error,function-redefined:function already defined line 1357
1365,4,error,function-redefined:function already defined line 1357
1367,4,error,function-redefined:function already defined line 1357
1390,0,error,function-redefined:function already defined line 1388
1398,4,error,function-redefined:function already defined line 1396
1400,4,error,function-redefined:function already defined line 1396
1403,4,error,function-redefined:function already defined line 1396
1406,4,error,function-redefined:function already defined line 1396
1409,4,error,function-redefined:function already defined line 1396
1443,4,error,inherit-non-class:Inheriting 'Sized', which is not a class.
1600,8,error,function-redefined:method already defined line 1598
1602,8,error,function-redefined:method already defined line 1598

-----------------------------------
Your code has been rated at 7.73/10

> /usr/bin/python3.7 -m pylint --disable=all --enable=F,unreachable,duplicate-key,unnecessary-semicolon,global-variable-not-assigned,unused-variable,unused-wildcard-import,binary-op-exception,bad-format-string,anomalous-backslash-in-string,bad-open-mode,E0001,E0011,E0012,E0100,E0101,E0102,E0103,E0104,E0105,E0107,E0108,E0110,E0111,E0112,E0113,E0114,E0115,E0116,E0117,E0118,E0202,E0203,E0211,E0213,E0236,E0237,E0238,E0239,E0240,E0241,E0301,E0302,E0303,E0401,E0402,E0601,E0602,E0603,E0604,E0611,E0632,E0633,E0701,E0702,E0703,E0704,E0710,E0711,E0712,E1003,E1101,E1102,E1111,E1120,E1121,E1123,E1124,E1125,E1126,E1127,E1128,E1129,E1130,E1131,E1132,E1133,E1134,E1135,E1136,E1137,E1138,E1139,E1200,E1201,E1205,E1206,E1300,E1301,E1302,E1303,E1304,E1305,E1306,E1310,E1700,E1701 --msg-template='{line},{column},{category},{symbol}:{msg}' --reports=n --output-format=text ~/Documents/django-series/leads_project/leadmanager/frontend/views.py
cwd: ~/Documents/django-series/leads_project
> /usr/bin/python3.7 -m pylint --disable=all --enable=F,unreachable,duplicate-key,unnecessary-semicolon,global-variable-not-assigned,unused-variable,unused-wildcard-import,binary-op-exception,bad-format-string,anomalous-backslash-in-string,bad-open-mode,E0001,E0011,E0012,E0100,E0101,E0102,E0103,E0104,E0105,E0107,E0108,E0110,E0111,E0112,E0113,E0114,E0115,E0116,E0117,E0118,E0202,E0203,E0211,E0213,E0236,E0237,E0238,E0239,E0240,E0241,E0301,E0302,E0303,E0401,E0402,E0601,E0602,E0603,E0604,E0611,E0632,E0633,E0701,E0702,E0703,E0704,E0710,E0711,E0712,E1003,E1101,E1102,E1111,E1120,E1121,E1123,E1124,E1125,E1126,E1127,E1128,E1129,E1130,E1131,E1132,E1133,E1134,E1135,E1136,E1137,E1138,E1139,E1200,E1201,E1205,E1206,E1300,E1301,E1302,E1303,E1304,E1305,E1306,E1310,E1700,E1701 --msg-template='{line},{column},{category},{symbol}:{msg}' --reports=n --output-format=text ~/Documents/django-series/leads_project/leadmanager/frontend/views.py
cwd: ~/Documents/django-series/leads_project
##########Linting Output - pylint##########
************* Module frontend.views
1,0,error,import-error:Unable to import 'django.shortcuts'

-------------------------------------
Your code has been rated at -40.00/10

> /usr/bin/python3.7 -m pylint --disable=all --enable=F,unreachable,duplicate-key,unnecessary-semicolon,global-variable-not-assigned,unused-variable,unused-wildcard-import,binary-op-exception,bad-format-string,anomalous-backslash-in-string,bad-open-mode,E0001,E0011,E0012,E0100,E0101,E0102,E0103,E0104,E0105,E0107,E0108,E0110,E0111,E0112,E0113,E0114,E0115,E0116,E0117,E0118,E0202,E0203,E0211,E0213,E0236,E0237,E0238,E0239,E0240,E0241,E0301,E0302,E0303,E0401,E0402,E0601,E0602,E0603,E0604,E0611,E0632,E0633,E0701,E0702,E0703,E0704,E0710,E0711,E0712,E1003,E1101,E1102,E1111,E1120,E1121,E1123,E1124,E1125,E1126,E1127,E1128,E1129,E1130,E1131,E1132,E1133,E1134,E1135,E1136,E1137,E1138,E1139,E1200,E1201,E1205,E1206,E1300,E1301,E1302,E1303,E1304,E1305,E1306,E1310,E1700,E1701 --msg-template='{line},{column},{category},{symbol}:{msg}' --reports=n --output-format=text ~/Documents/django-series/leads_project/leadmanager/frontend/views.py
cwd: ~/Documents/django-series/leads_project
> /usr/bin/python3.7 -m pylint --disable=all --enable=F,unreachable,duplicate-key,unnecessary-semicolon,global-variable-not-assigned,unused-variable,unused-wildcard-import,binary-op-exception,bad-format-string,anomalous-backslash-in-string,bad-open-mode,E0001,E0011,E0012,E0100,E0101,E0102,E0103,E0104,E0105,E0107,E0108,E0110,E0111,E0112,E0113,E0114,E0115,E0116,E0117,E0118,E0202,E0203,E0211,E0213,E0236,E0237,E0238,E0239,E0240,E0241,E0301,E0302,E0303,E0401,E0402,E0601,E0602,E0603,E0604,E0611,E0632,E0633,E0701,E0702,E0703,E0704,E0710,E0711,E0712,E1003,E1101,E1102,E1111,E1120,E1121,E1123,E1124,E1125,E1126,E1127,E1128,E1129,E1130,E1131,E1132,E1133,E1134,E1135,E1136,E1137,E1138,E1139,E1200,E1201,E1205,E1206,E1300,E1301,E1302,E1303,E1304,E1305,E1306,E1310,E1700,E1701 --msg-template='{line},{column},{category},{symbol}:{msg}' --reports=n --output-format=text ~/Documents/django-series/leads_project/leadmanager/frontend/views.py
cwd: ~/Documents/django-series/leads_project
##########Linting Output - pylint##########
************* Module frontend.views
4,0,error,syntax-error:unexpected EOF while parsing (<unknown>, line 4)
> /usr/bin/python3.7 -m pylint --disable=all --enable=F,unreachable,duplicate-key,unnecessary-semicolon,global-variable-not-assigned,unused-variable,unused-wildcard-import,binary-op-exception,bad-format-string,anomalous-backslash-in-string,bad-open-mode,E0001,E0011,E0012,E0100,E0101,E0102,E0103,E0104,E0105,E0107,E0108,E0110,E0111,E0112,E0113,E0114,E0115,E0116,E0117,E0118,E0202,E0203,E0211,E0213,E0236,E0237,E0238,E0239,E0240,E0241,E0301,E0302,E0303,E0401,E0402,E0601,E0602,E0603,E0604,E0611,E0632,E0633,E0701,E0702,E0703,E0704,E0710,E0711,E0712,E1003,E1101,E1102,E1111,E1120,E1121,E1123,E1124,E1125,E1126,E1127,E1128,E1129,E1130,E1131,E1132,E1133,E1134,E1135,E1136,E1137,E1138,E1139,E1200,E1201,E1205,E1206,E1300,E1301,E1302,E1303,E1304,E1305,E1306,E1310,E1700,E1701 --msg-template='{line},{column},{category},{symbol}:{msg}' --reports=n --output-format=text ~/Documents/django-series/leads_project/leadmanager/frontend/views.py
cwd: ~/Documents/django-series/leads_project
> /usr/bin/python3.7 -m pylint --disable=all --enable=F,unreachable,duplicate-key,unnecessary-semicolon,global-variable-not-assigned,unused-variable,unused-wildcard-import,binary-op-exception,bad-format-string,anomalous-backslash-in-string,bad-open-mode,E0001,E0011,E0012,E0100,E0101,E0102,E0103,E0104,E0105,E0107,E0108,E0110,E0111,E0112,E0113,E0114,E0115,E0116,E0117,E0118,E0202,E0203,E0211,E0213,E0236,E0237,E0238,E0239,E0240,E0241,E0301,E0302,E0303,E0401,E0402,E0601,E0602,E0603,E0604,E0611,E0632,E0633,E0701,E0702,E0703,E0704,E0710,E0711,E0712,E1003,E1101,E1102,E1111,E1120,E1121,E1123,E1124,E1125,E1126,E1127,E1128,E1129,E1130,E1131,E1132,E1133,E1134,E1135,E1136,E1137,E1138,E1139,E1200,E1201,E1205,E1206,E1300,E1301,E1302,E1303,E1304,E1305,E1306,E1310,E1700,E1701 --msg-template='{line},{column},{category},{symbol}:{msg}' --reports=n --output-format=text ~/Documents/django-series/leads_project/leadmanager/frontend/views.py
cwd: ~/Documents/django-series/leads_project
##########Linting Output - pylint##########
************* Module frontend.views
1,0,error,import-error:Unable to import 'django.shortcuts'

----------------------------------------------------------------------
Your code has been rated at -6.67/10 (previous run: -40.00/10, +33.33)

> /usr/bin/python3.7 -m pep8 --format=%(row)d,%(col)d,%(code).1s,%(code)s:%(text)s ~/Documents/django-series/leads_project/leadmanager/frontend/views.py
cwd: ~/Documents/django-series/leads_project
> /usr/bin/python3.7 -m pep8 --format=%(row)d,%(col)d,%(code).1s,%(code)s:%(text)s ~/Documents/django-series/leads_project/leadmanager/frontend/views.py
cwd: ~/Documents/django-series/leads_project
> /usr/bin/python3.7 -m pep8 --format=%(row)d,%(col)d,%(code).1s,%(code)s:%(text)s ~/Documents/django-series/leads_project/leadmanager/frontend/views.py
cwd: ~/Documents/django-series/leads_project
> /usr/bin/python3.7 -m pep8 --format=%(row)d,%(col)d,%(code).1s,%(code)s:%(text)s ~/Documents/django-series/leads_project/leadmanager/frontend/views.py
cwd: ~/Documents/django-series/leads_project
> /usr/bin/python3.7 -c "import pep8"
> /usr/bin/python3.7 -c "import pep8"
> /usr/bin/python3.7 -c "import pep8"
> /usr/bin/python3.7 -c "import pep8"
> /usr/bin/python3.7 -c "import pep8"
> /usr/bin/python3.7 -c "import pep8"
> /usr/bin/python3.7 -c "import pep8"
> /usr/bin/python3.7 -c "import pep8"

Linter 'pep8' is not installed. Please install it or select another linter".
Error: Module 'pep8' not installed.

Linter 'pep8' is not installed. Please install it or select another linter".
Error: Module 'pep8' not installed.
> /usr/bin/python3.7 -m pep8 --format=%(row)d,%(col)d,%(code).1s,%(code)s:%(text)s ~/Documents/django-series/leads_project/leadmanager/frontend/views.py
cwd: ~/Documents/django-series/leads_project
> /usr/bin/python3.7 -m pep8 --format=%(row)d,%(col)d,%(code).1s,%(code)s:%(text)s ~/Documents/django-series/leads_project/leadmanager/frontend/views.py
cwd: ~/Documents/django-series/leads_project
> /usr/bin/python3.7 -c "import pep8"
> /usr/bin/python3.7 -c "import pep8"
> /usr/bin/python3.7 -c "import pep8"
> /usr/bin/python3.7 -c "import pep8"

Linter 'pep8' is not installed. Please install it or select another linter".
Error: Module 'pep8' not installed.
> /usr/bin/python3.7 -m pep8 --format=%(row)d,%(col)d,%(code).1s,%(code)s:%(text)s ~/Documents/django-series/leads_project/leadmanager/frontend/urls.py
cwd: ~/Documents/django-series/leads_project
> /usr/bin/python3.7 -m pep8 --format=%(row)d,%(col)d,%(code).1s,%(code)s:%(text)s ~/Documents/django-series/leads_project/leadmanager/frontend/urls.py
cwd: ~/Documents/django-series/leads_project
> /usr/bin/python3.7 -c "import pep8"
> /usr/bin/python3.7 -c "import pep8"
> /usr/bin/python3.7 -c "import pep8"
> /usr/bin/python3.7 -c "import pep8"

Linter 'pep8' is not installed. Please install it or select another linter".
Error: Module 'pep8' not installed.
> /usr/bin/python3.7 -m pep8 --format=%(row)d,%(col)d,%(code).1s,%(code)s:%(text)s ~/Documents/django-series/leads_project/leadmanager/frontend/urls.py
cwd: ~/Documents/django-series/leads_project
> /usr/bin/python3.7 -m pep8 --format=%(row)d,%(col)d,%(code).1s,%(code)s:%(text)s ~/Documents/django-series/leads_project/leadmanager/frontend/urls.py
cwd: ~/Documents/django-series/leads_project
> /usr/bin/python3.7 -c "import pep8"
> /usr/bin/python3.7 -c "import pep8"
> /usr/bin/python3.7 -c "import pep8"
> /usr/bin/python3.7 -c "import pep8"

Linter 'pep8' is not installed. Please install it or select another linter".
Error: Module 'pep8' not installed.
> /usr/bin/python3.7 -m pep8 --format=%(row)d,%(col)d,%(code).1s,%(code)s:%(text)s ~/Documents/django-series/leads_project/leadmanager/leadmanager/urls.py
cwd: ~/Documents/django-series/leads_project
> /usr/bin/python3.7 -m pep8 --format=%(row)d,%(col)d,%(code).1s,%(code)s:%(text)s ~/Documents/django-series/leads_project/leadmanager/leadmanager/urls.py
cwd: ~/Documents/django-series/leads_project
> /usr/bin/python3.7 -c "import pep8"
> /usr/bin/python3.7 -c "import pep8"
> /usr/bin/python3.7 -c "import pep8"
> /usr/bin/python3.7 -c "import pep8"

Linter 'pep8' is not installed. Please install it or select another linter".
Error: Module 'pep8' not installed.
> /usr/bin/python3.7 -m pep8 --format=%(row)d,%(col)d,%(code).1s,%(code)s:%(text)s ~/Documents/django-series/leads_project/leadmanager/leadmanager/urls.py
cwd: ~/Documents/django-series/leads_project
> /usr/bin/python3.7 -m pep8 --format=%(row)d,%(col)d,%(code).1s,%(code)s:%(text)s ~/Documents/django-series/leads_project/leadmanager/leadmanager/urls.py
cwd: ~/Documents/django-series/leads_project
> /usr/bin/python3.7 -c "import pep8"
> /usr/bin/python3.7 -c "import pep8"
> /usr/bin/python3.7 -c "import pep8"
> /usr/bin/python3.7 -c "import pep8"

Linter 'pep8' is not installed. Please install it or select another linter".
Error: Module 'pep8' not installed.
> /usr/bin/python3.7 -m pep8 --format=%(row)d,%(col)d,%(code).1s,%(code)s:%(text)s ~/Documents/django-series/leads_project/leadmanager/leadmanager/urls.py
cwd: ~/Documents/django-series/leads_project
> /usr/bin/python3.7 -m pep8 --format=%(row)d,%(col)d,%(code).1s,%(code)s:%(text)s ~/Documents/django-series/leads_project/leadmanager/leadmanager/urls.py
cwd: ~/Documents/django-series/leads_project
> /usr/bin/python3.7 -c "import pep8"
> /usr/bin/python3.7 -c "import pep8"
> /usr/bin/python3.7 -c "import pep8"
> /usr/bin/python3.7 -c "import pep8"

Linter 'pep8' is not installed. Please install it or select another linter".
Error: Module 'pep8' not installed.
> conda info --json
> conda --version
> /usr/bin/python3.7 -c "import pip"
> /usr/bin/python3.7 -c "import pip"
> /usr/bin/python3.7 -c "import pep8"
> /usr/bin/python3.7 -c "import pep8"
